<?xml version="1.0" encoding="UTF-8"?>
<testsuite xmlns:xsi="http://www.w3.org/2001/XMLSchema-instance" xsi:noNamespaceSchemaLocation="https://maven.apache.org/surefire/maven-surefire-plugin/xsd/surefire-test-report.xsd" name="com.itmo.kotiki.service.Tests" time="0.918" tests="7" errors="0" skipped="0" failures="0">
  <properties>
[...]
</properties>
  <testcase name="CheckGetNameHuman" classname="com.itmo.kotiki.service.Tests" time="0.84"/>
  <testcase name="CheckGetBreedCats" classname="com.itmo.kotiki.service.Tests" time="0.047"/>
  <testcase name="CheckSetNameHuman" classname="com.itmo.kotiki.service.Tests" time="0"/>
  <testcase name="CheckSetColorCats" classname="com.itmo.kotiki.service.Tests" time="0"/>
  <testcase name="CheckSetBreedCats" classname="com.itmo.kotiki.service.Tests" time="0"/>
  <testcase name="CheckSetNameCats" classname="com.itmo.kotiki.service.Tests" time="0"/>
  <testcase name="CheckGetNameCats" classname="com.itmo.kotiki.service.Tests" time="0"/>
</testsuite>